<?xml version="1.0" encoding="UTF-8"?>
<testng-results ignored="0" total="1" passed="0" failed="1" skipped="0">
  <reporter-output>
  </reporter-output>
  <suite started-at="2024-10-29T15:00:08 IST" name="Default suite" finished-at="2024-10-29T15:00:51 IST" duration-ms="42759">
    <groups>
    </groups>
    <test started-at="2024-10-29T15:00:08 IST" name="Default test" finished-at="2024-10-29T15:00:51 IST" duration-ms="42759">
      <class name="placeOrder.TestRegisterWhileCheckout">
        <test-method is-config="true" signature="launchBrowser()[pri:0, instance:placeOrder.TestRegisterWhileCheckout@3e2055d6]" started-at="2024-10-29T15:00:03 IST" name="launchBrowser" finished-at="2024-10-29T15:00:08 IST" duration-ms="4804" status="PASS">
          <reporter-output>
          </reporter-output>
        </test-method> <!-- launchBrowser -->
        <test-method is-config="true" signature="setup()[pri:0, instance:placeOrder.TestRegisterWhileCheckout@3e2055d6]" started-at="2024-10-29T15:00:08 IST" name="setup" finished-at="2024-10-29T15:00:13 IST" duration-ms="4891" status="PASS">
          <reporter-output>
          </reporter-output>
        </test-method> <!-- setup -->
        <test-method is-config="true" signature="setUp(org.testng.ITestResult)[pri:0, instance:placeOrder.TestRegisterWhileCheckout@3e2055d6]" started-at="2024-10-29T15:00:13 IST" name="setUp" finished-at="2024-10-29T15:00:13 IST" duration-ms="41" status="PASS">
          <params>
            <param index="0">
              <value>
                <![CDATA[[TestResult name={null} status=CREATED method=TestRegisterWhileCheckout.testCompleteOrderProcess()[pri:0, instance:placeOrder.TestRegisterWhileCheckout@3e2055d6] output={null}]]]>
              </value>
            </param>
          </params>
          <reporter-output>
          </reporter-output>
        </test-method> <!-- setUp -->
        <test-method signature="testCompleteOrderProcess()[pri:0, instance:placeOrder.TestRegisterWhileCheckout@3e2055d6]" started-at="2024-10-29T15:00:13 IST" name="testCompleteOrderProcess" finished-at="2024-10-29T15:00:51 IST" duration-ms="37404" status="FAIL">
          <exception class="java.lang.AssertionError">
            <message>
              <![CDATA['New User Signup!' is not visible expected [true] but found [false]]]>
            </message>
            <full-stacktrace>
              <![CDATA[java.lang.AssertionError: 'New User Signup!' is not visible expected [true] but found [false]
at org.testng.Assert.fail(Assert.java:111)
at org.testng.Assert.failNotEquals(Assert.java:1578)
at org.testng.Assert.assertTrue(Assert.java:57)
at placeOrder.TestRegisterWhileCheckout.testCompleteOrderProcess(TestRegisterWhileCheckout.java:45)
at java.base/jdk.internal.reflect.NativeMethodAccessorImpl.invoke0(Native Method)
at java.base/jdk.internal.reflect.NativeMethodAccessorImpl.invoke(NativeMethodAccessorImpl.java:77)
at java.base/jdk.internal.reflect.DelegatingMethodAccessorImpl.invoke(DelegatingMethodAccessorImpl.java:43)
at java.base/java.lang.reflect.Method.invoke(Method.java:568)
at org.testng.internal.invokers.MethodInvocationHelper.invokeMethod(MethodInvocationHelper.java:139)
at org.testng.internal.invokers.TestInvoker.invokeMethod(TestInvoker.java:664)
at org.testng.internal.invokers.TestInvoker.invokeTestMethod(TestInvoker.java:227)
at org.testng.internal.invokers.MethodRunner.runInSequence(MethodRunner.java:50)
at org.testng.internal.invokers.TestInvoker$MethodInvocationAgent.invoke(TestInvoker.java:957)
at org.testng.internal.invokers.TestInvoker.invokeTestMethods(TestInvoker.java:200)
at org.testng.internal.invokers.TestMethodWorker.invokeTestMethods(TestMethodWorker.java:148)
at org.testng.internal.invokers.TestMethodWorker.run(TestMethodWorker.java:128)
at java.base/java.util.ArrayList.forEach(ArrayList.java:1511)
at org.testng.TestRunner.privateRun(TestRunner.java:848)
at org.testng.TestRunner.run(TestRunner.java:621)
at org.testng.SuiteRunner.runTest(SuiteRunner.java:443)
at org.testng.SuiteRunner.runSequentially(SuiteRunner.java:437)
at org.testng.SuiteRunner.privateRun(SuiteRunner.java:397)
at org.testng.SuiteRunner.run(SuiteRunner.java:336)
at org.testng.SuiteRunnerWorker.runSuite(SuiteRunnerWorker.java:52)
at org.testng.SuiteRunnerWorker.run(SuiteRunnerWorker.java:95)
at org.testng.TestNG.runSuitesSequentially(TestNG.java:1280)
at org.testng.TestNG.runSuitesLocally(TestNG.java:1200)
at org.testng.TestNG.runSuites(TestNG.java:1114)
at org.testng.TestNG.run(TestNG.java:1082)
at org.testng.remote.AbstractRemoteTestNG.run(AbstractRemoteTestNG.java:115)
at org.testng.remote.RemoteTestNG.initAndRun(RemoteTestNG.java:293)
at org.testng.remote.RemoteTestNG.main(RemoteTestNG.java:91)
]]>
            </full-stacktrace>
          </exception> <!-- java.lang.AssertionError -->
          <reporter-output>
          </reporter-output>
        </test-method> <!-- testCompleteOrderProcess -->
        <test-method is-config="true" signature="afterMethod(org.testng.ITestResult)[pri:0, instance:placeOrder.TestRegisterWhileCheckout@3e2055d6]" started-at="2024-10-29T15:00:51 IST" name="afterMethod" finished-at="2024-10-29T15:00:51 IST" duration-ms="321" status="PASS">
          <params>
            <param index="0">
              <value>
                <![CDATA[[TestResult name=testCompleteOrderProcess status=FAILURE method=TestRegisterWhileCheckout.testCompleteOrderProcess()[pri:0, instance:placeOrder.TestRegisterWhileCheckout@3e2055d6] output={null}]]]>
              </value>
            </param>
          </params>
          <reporter-output>
          </reporter-output>
        </test-method> <!-- afterMethod -->
        <test-method is-config="true" signature="closeDriver()[pri:0, instance:placeOrder.TestRegisterWhileCheckout@3e2055d6]" started-at="2024-10-29T15:00:51 IST" name="closeDriver" finished-at="2024-10-29T15:00:53 IST" duration-ms="1488" status="PASS">
          <reporter-output>
          </reporter-output>
        </test-method> <!-- closeDriver -->
      </class> <!-- placeOrder.TestRegisterWhileCheckout -->
    </test> <!-- Default test -->
  </suite> <!-- Default suite -->
</testng-results>
